id:361iscollect:id:390point:2
id:213point:70
id:388point:2
id:389point:4
id:263point:2
id:255point:4
id:225point:43
id:219point:150
id:384point:2
id:361point:2
id:219point:150
id:390point:2
id:389point:4
id:388point:2
id:213point:70
id:263point:2
id:255point:4
id:225point:43
id:384point:2
id:361point:2
id:390point:2
id:213point:70
id:388point:2
id:389point:4
id:263point:2
id:255point:4
id:225point:43
id:219point:150
id:384point:2
id:361point:2
id:263point:2
id:390point:2
id:389point:4
id:388point:2
id:255point:4
id:213point:70
id:225point:43
id:219point:149
id:384point:2
id:361point:2
取消收藏了all_product_point579182210id:point:1242
id:213point:70
id:point:1242
id:point:1242
id:263point:2
id:255point:4
id:225point:43
id:219point:149
id:point:1242
id:361point:2
id:point:1242
id:213point:70
id:point:1242
id:point:1242
id:263point:2
id:255point:4
id:225point:43
id:219point:149
id:point:1242
id:361point:2
id:point:1242
id:213point:70
id:point:1242
id:point:1242
id:263point:2
id:255point:4
id:225point:43
id:219point:149
id:point:1242
id:361point:2
id:point:1242
id:213point:70
id:point:1242
id:point:1242
id:263point:2
id:255point:4
id:225point:43
id:219point:149
id:point:1242
id:361point:2
id:point:1242
id:213point:70
id:point:1242
id:point:1242
id:263point:2
id:255point:4
id:225point:43
id:219point:149
id:point:1242
id:361point:2
id:388point:2
id:225point:43
id:263point:2
id:219point:150
id:255point:4
id:213point:70
id:361point:2
id:307point:3
id:270point:2
id:264point:6
id:388point:2
id:225point:43
id:263point:2
id:219point:150
id:255point:4
id:213point:70
id:361point:2
id:307point:3
id:270point:2
id:264point:6
id:213point:70
id:388point:2
id:263point:2
id:255point:4
id:225point:43
id:219point:150
id:361point:2
id:307point:3
id:270point:2
id:264point:6
id:263point:2
id:388point:2
id:255point:4
id:213point:70
id:225point:43
id:219point:150
id:384point:2
id:361point:2
id:307point:3
id:270point:2
id:219point:150
id:388point:2
id:213point:70
id:263point:2
id:255point:4
id:225point:43
id:384point:2
id:361point:2
id:307point:3
id:270point:2
id:219point:150
id:388point:2
id:213point:70
id:263point:2
id:255point:4
id:225point:43
id:384point:2
id:361point:2
id:307point:3
id:270point:2
取消收藏了all_product_point579179110id:388point:2
id:225point:43
id:263point:2
id:219point:149
id:255point:4
id:213point:70
id:384point:2
id:361point:2
id:307point:3
id:270point:2
id:219point:148
id:388point:2
id:213point:70
id:263point:2
id:255point:4
id:225point:43
id:384point:2
id:361point:2
id:307point:3
id:270point:2
取消收藏了all_product_point579182210收藏成功all_product_point579182210id:219point:148
id:388point:2
id:213point:70
id:263point:2
id:255point:4
id:225point:43
id:384point:2
id:361point:2
id:307point:3
id:270point:2
id:219point:148
id:388point:2
id:213point:70
id:263point:2
id:255point:4
id:225point:43
id:384point:2
id:361point:2
id:307point:3
id:270point:2
id:219point:149
id:388point:2
id:213point:70
id:263point:2
id:255point:4
id:225point:43
id:384point:2
id:361point:2
id:307point:3
id:270point:2
id:219point:149
id:388point:2
id:213point:70
id:263point:2
id:255point:4
id:225point:43
id:384point:2
id:361point:2
id:307point:3
id:270point:2
id:219point:149
id:388point:2
id:213point:70
id:263point:2
id:255point:4
id:225point:43
id:384point:2
id:361point:2
id:307point:3
id:270point:2
id:219point:149
id:388point:2
id:213point:70
id:263point:2
id:255point:4
id:225point:43
id:384point:2
id:361point:2
id:307point:3
id:270point:2
id:219point:149
id:388point:2
id:213point:70
id:263point:2
id:255point:4
id:225point:43
id:384point:2
id:361point:2
id:307point:3
id:270point:2
id:219point:149
id:388point:2
id:213point:70
id:263point:2
id:255point:4
id:225point:43
id:384point:2
id:361point:2
id:307point:3
id:270point:2
id:213point:70
id:388point:2
id:263point:2
id:255point:4
id:225point:43
id:219point:149
id:384point:2
id:361point:2
id:307point:3
id:270point:2
取消收藏了all_product_point579182210id:213point:70
id:388point:2
id:263point:2
id:255point:4
id:225point:43
id:219point:149
id:384point:2
id:361point:2
id:307point:3
id:270point:1
id:213point:70
id:388point:2
id:263point:2
id:255point:4
id:225point:43
id:219point:149
id:384point:2
id:361point:2
id:307point:3
id:270point:1
id:213point:70
id:388point:2
id:263point:2
id:255point:4
id:225point:43
id:219point:149
id:384point:2
id:361point:2
id:307point:3
id:270point:1
id:213point:70
id:388point:2
id:263point:2
id:255point:4
id:225point:43
id:219point:149
id:384point:2
id:361point:2
id:307point:3
id:270point:1
id:213point:70
id:388point:2
id:263point:2
id:255point:4
id:225point:43
id:219point:149
id:384point:2
id:361point:2
id:307point:3
id:270point:1
id:388point:2
id:213point:70
id:263point:2
id:255point:4
id:225point:43
id:219point:147
id:384point:2
id:361point:2
id:307point:3
id:270point:1
id:388point:2
id:219point:148
id:213point:71
id:225point:43
id:263point:2
id:255point:4
id:384point:2
id:361point:2
id:307point:3
id:270point:1
id:225point:44
id:388point:2
id:219point:148
id:263point:2
id:255point:4
id:213point:72
id:384point:2
id:361point:2
id:307point:3
id:270point:2
收藏成功all_product_point579183210取消收藏了all_product_point579183210收藏成功all_product_point579183210取消收藏了all_product_point579183210收藏成功all_product_point579183210取消收藏了all_product_point579183210收藏成功all_product_point579183210id:225point:44
id:388point:2
id:219point:148
id:263point:2
id:255point:4
id:213point:72
id:384point:3
id:361point:2
id:307point:3
id:270point:2
收藏成功all_product_point579183210取消收藏了all_product_point579183210id:225point:44
id:388point:2
id:219point:148
id:263point:2
id:255point:4
id:213point:72
id:384point:3
id:361point:2
id:307point:3
id:270point:2
