qweq入口连接:localhost/wxzspfse/?platcode=HBCX
session信息:{"PLATFORM_CODE":"HBCX"}
入口连接:localhost/wxzspfse/?platcode=HBCX
session信息:{"PLATFORM_CODE":"HBCX","HBCX":{"traffic_code":"HBCX","platform_id":"28","customer_id":"16","platform_name":"\u4e2d\u56fd\u7535\u4fe1","openid":"HBCX14939532523684","zwcmopenid":"HBCX14939532523684"}}
入口连接:localhost/wxzspfse/?platcode=HBCX
session信息:{"PLATFORM_CODE":"HBCX"}
入口连接:localhost/wxzspfse/?platcode=HBCX
session信息:{"PLATFORM_CODE":"HBCX","HBCX":{"traffic_code":"HBCX","platform_id":"28","customer_id":"16","platform_name":"\u4e2d\u56fd\u7535\u4fe1","openid":"HBCX14905831646637","zwcmopenid":"HBCX14905831646637"}}
入口连接:localhost/wxzspfse/?platcode=HBCX
session信息:{"PLATFORM_CODE":"HBCX","HBCX":{"traffic_code":"HBCX","platform_id":"28","customer_id":"16","platform_name":"\u4e2d\u56fd\u7535\u4fe1","openid":"HBCX14905831646637","zwcmopenid":"HBCX14905831646637"}}
入口连接:localhost/wxzspfse/?platcode=HBCX
session信息:{"PLATFORM_CODE":"HBCX","HBCX":{"traffic_code":"HBCX","platform_id":"28","customer_id":"16","platform_name":"\u4e2d\u56fd\u7535\u4fe1","openid":"HBCX14905831646637","zwcmopenid":"HBCX14905831646637"}}
入口连接:localhost/wxzspfse/?platcode=HBCX
session信息:{"PLATFORM_CODE":"HBCX","HBCX":{"traffic_code":"HBCX","platform_id":"28","customer_id":"16","platform_name":"\u4e2d\u56fd\u7535\u4fe1","openid":"HBCX14905831646637","zwcmopenid":"HBCX14905831646637"}}
入口连接:localhost/wxzspfse/?platcode=HBCX
session信息:{"PLATFORM_CODE":"HBCX","HBCX":{"traffic_code":"HBCX","platform_id":"28","customer_id":"16","platform_name":"\u4e2d\u56fd\u7535\u4fe1","openid":"HBCX14905831646637","zwcmopenid":"HBCX14905831646637"}}
入口连接:localhost/wxzspfse/?platcode=HBCX
session信息:{"PLATFORM_CODE":"HBCX","HBCX":{"traffic_code":"HBCX","platform_id":"28","customer_id":"16","platform_name":"\u4e2d\u56fd\u7535\u4fe1","openid":"HBCX14905831646637","zwcmopenid":"HBCX14905831646637"}}
入口连接:localhost/wxzspfse/?platcode=HBCX
session信息:{"PLATFORM_CODE":"HBCX","HBCX":{"traffic_code":"HBCX","platform_id":"28","customer_id":"16","platform_name":"\u4e2d\u56fd\u7535\u4fe1","openid":"HBCX14905831646637","zwcmopenid":"HBCX14905831646637"}}
入口连接:localhost/wxzspfse/?platcode=HBCX
session信息:{"PLATFORM_CODE":"HBCX","HBCX":{"traffic_code":"HBCX","platform_id":"28","customer_id":"16","platform_name":"\u4e2d\u56fd\u7535\u4fe1","openid":"HBCX14905831646637","zwcmopenid":"HBCX14905831646637"}}
入口连接:localhost/wxzspfse/?platcode=HBCX
session信息:{"PLATFORM_CODE":"HBCX","HBCX":{"traffic_code":"HBCX","platform_id":"28","customer_id":"16","platform_name":"\u4e2d\u56fd\u7535\u4fe1","openid":"HBCX14905831646637","zwcmopenid":"HBCX14905831646637"}}
入口连接:localhost/wxzspfse/?platcode=HBCX
session信息:{"PLATFORM_CODE":"HBCX","HBCX":{"traffic_code":"HBCX","platform_id":"28","customer_id":"16","platform_name":"\u4e2d\u56fd\u7535\u4fe1","openid":"HBCX14939532523684","zwcmopenid":"HBCX14939532523684"}}
入口连接:localhost/wxzspfse/index.php/Home/Member/doCollect.html
session信息:{"PLATFORM_CODE":"HBCX","HBCX":{"traffic_code":"HBCX","platform_id":"28","customer_id":"16","platform_name":"\u4e2d\u56fd\u7535\u4fe1","openid":"HBCX14939532523684","zwcmopenid":"HBCX14939532523684","isNew":1,"id":"5794380"}}
入口连接:localhost/wxzspfse/index.php/Home/Member/telVerify.html?tel=15527568747
session信息:{"PLATFORM_CODE":"HBCX","HBCX":{"traffic_code":"HBCX","platform_id":"28","customer_id":"16","platform_name":"\u4e2d\u56fd\u7535\u4fe1","openid":"HBCX14939532523684","zwcmopenid":"HBCX14939532523684","isNew":1,"id":"5794380","tel":"0"}}
入口连接:localhost/wxzspfse/index.php/Home/Member/login.html
session信息:{"PLATFORM_CODE":"HBCX","HBCX":{"traffic_code":"HBCX","platform_id":"28","customer_id":"16","platform_name":"\u4e2d\u56fd\u7535\u4fe1","openid":"HBCX14939532523684","zwcmopenid":"HBCX14939532523684","isNew":1,"id":"5794380","tel":"0"},"telcode":{"code":"2929668cbf920ac2ac0aefb1b328b196","time":1493953828}}
入口连接:localhost/wxzspfse/?platcode=HBCX
session信息:{"PLATFORM_CODE":"HBCX","HBCX":{"traffic_code":"HBCX","platform_id":"28","customer_id":"16","platform_name":"\u4e2d\u56fd\u7535\u4fe1","openid":"HBCX14939532523684","zwcmopenid":"HBCX14939532523684","isNew":1,"id":"5794380","tel":"15527568747"}}
